TN:
SF:src\app.ts
FN:5,build
FN:10,(anonymous_1)
FNF:2
FNH:2
FNDA:1,build
FNDA:1,(anonymous_1)
DA:1,1
DA:2,1
DA:3,1
DA:6,1
DA:8,1
DA:10,1
DA:11,1
DA:14,1
DA:17,1
LF:9
LH:9
BRDA:5,0,0,1
BRF:1
BRH:1
end_of_record
TN:
SF:src\controllers\WeatherController.ts
FN:7,(anonymous_0)
FNF:1
FNH:1
FNDA:3,(anonymous_0)
DA:2,1
DA:4,1
DA:8,3
DA:10,3
DA:11,3
DA:12,3
DA:14,3
DA:15,1
DA:20,2
DA:21,2
DA:23,2
DA:30,1
LF:12
LH:12
BRDA:10,0,0,3
BRDA:10,0,1,1
BRDA:11,1,0,3
BRDA:11,1,1,1
BRDA:12,2,0,3
BRDA:12,2,1,1
BRDA:14,3,0,1
BRF:7
BRH:7
end_of_record
TN:
SF:src\plugins\cache.ts
FN:7,(anonymous_0)
FN:11,(anonymous_1)
FN:21,(anonymous_2)
FNF:3
FNH:3
FNDA:1,(anonymous_0)
FNDA:4,(anonymous_1)
FNDA:4,(anonymous_2)
DA:2,1
DA:3,1
DA:5,1
DA:7,1
DA:11,1
DA:12,4
DA:13,4
DA:15,4
DA:16,1
DA:21,1
DA:22,4
DA:23,4
DA:28,1
LF:13
LH:13
BRDA:12,0,0,4
BRDA:15,1,0,1
BRDA:22,2,0,4
BRF:3
BRH:3
end_of_record
TN:
SF:src\routes\index.ts
FNF:0
FNH:0
DA:2,1
DA:4,1
DA:12,1
LF:3
LH:3
BRF:0
BRH:0
end_of_record
TN:
SF:src\services\CityService.ts
FN:8,(anonymous_0)
FNF:1
FNH:1
FNDA:2,(anonymous_0)
DA:1,1
DA:3,1
DA:9,2
DA:16,2
DA:23,1
LF:5
LH:5
BRF:0
BRH:0
end_of_record
TN:
SF:src\services\WeatherService.ts
FN:7,(anonymous_0)
FN:14,(anonymous_1)
FNF:2
FNH:2
FNDA:1,(anonymous_0)
FNDA:2,(anonymous_1)
DA:1,1
DA:3,1
DA:7,1
DA:8,1
DA:9,1
DA:10,1
DA:19,2
DA:28,2
DA:32,1
LF:9
LH:9
BRDA:7,0,0,1
BRDA:7,0,1,1
BRDA:17,1,0,2
BRF:3
BRH:3
end_of_record
